15:25:14 [Info] X E A N A D E V  A U T H   S E R V E R

//////███████///██//██////
/////██////////████████///
/////██/////////██//██////
/////██////////████████///
//////███████///██//██////

 ██╗  ██╗███████╗ █████╗ ███╗   ██╗ █████╗ ██████╗ ███████╗██╗   ██╗
 ╚██╗██╔╝██╔════╝██╔══██╗████╗  ██║██╔══██╗██╔══██╗██╔════╝██║   ██║
  ╚███╔╝ █████╗  ███████║██╔██╗ ██║███████║██║  ██║█████╗  ██║   ██║
  ██╔██╗ ██╔══╝  ██╔══██║██║╚██╗██║██╔══██║██║  ██║██╔══╝  ╚██╗ ██╔╝
 ██╔╝ ██╗███████╗██║  ██║██║ ╚████║██║  ██║██████╔╝███████╗ ╚████╔╝
 ╚═╝  ╚═╝╚══════╝╚═╝  ╚═╝╚═╝  ╚═══╝╚═╝  ╚═╝╚═════╝ ╚══════╝  ╚═══╝
 Copyright (c)  Gold Games 2018 - 2022 - [Sunucu Versiyonu 1.0.0.0]
KİMSE GÜÇSÜZ İNSANDAN NEFRET ETMEZ :) 
All rights reserved: BY XEANADEV!
15:25:14 [Error] System.IO.DirectoryNotFoundException: 'C:\Users\Xeana\Desktop\SOURCE UP\my\PointBlank.Auth\bin\Debug\Config\Auth.ini' yolunun bir parçası bulunamadı.
   konum: System.IO.__Error.WinIOError(Int32 errorCode, String maybeFullPath)
   konum: System.IO.FileStream.Init(String path, FileMode mode, FileAccess access, Int32 rights, Boolean useRights, FileShare share, Int32 bufferSize, FileOptions options, SECURITY_ATTRIBUTES secAttrs, String msgPath, Boolean bFromProxy, Boolean useLongPath, Boolean checkHost)
   konum: System.IO.FileStream..ctor(String path, FileMode mode, FileAccess access, FileShare share, Int32 bufferSize, FileOptions options, String msgPath, Boolean bFromProxy, Boolean useLongPath, Boolean checkHost)
   konum: System.IO.StreamReader..ctor(String path, Encoding encoding, Boolean detectEncodingFromByteOrderMarks, Int32 bufferSize, Boolean checkHost)
   konum: System.IO.StreamReader..ctor(String path)
   konum: PointBlank.Core.ConfigFile.LoadStrings()
15:25:14 [Warning] Parameter failure: Host
15:25:14 [Warning] Parameter failure: Name
15:25:14 [Warning] Parameter failure: User
15:25:14 [Warning] Parameter failure: Pass
15:25:14 [Warning] Parameter failure: Port
15:25:14 [Warning] Parameter failure: ConfigId
15:25:14 [Warning] Parameter failure: ServerId
15:25:14 [Warning] Parameter failure: AuthIp
15:25:14 [Warning] Parameter failure: AuthPort
15:25:14 [Warning] Parameter failure: SyncPort
15:25:14 [Warning] Parameter failure: AutoAccounts
15:25:14 [Warning] Parameter failure: Debug
15:25:14 [Warning] Parameter failure: Test
15:25:14 [Warning] Parameter failure: EncodingPage
15:25:14 [Warning] Parameter failure: MaxChannelPlayers
15:25:14 [Warning] Parameter failure: Outpost
15:25:14 [Warning] Parameter failure: LauncherKey
15:25:14 [Warning] Parameter failure: MinNickSize
15:25:14 [Warning] Parameter failure: MaxNickSize
15:25:14 [Warning] Parameter failure: MinTokenSize
15:25:14 [Warning] Parameter failure: GameLocales
15:25:14 [Error] System.TypeInitializationException: 'PointBlank.Core.Sql.SqlConnection' tür başlatıcısı özel durum döndürdü. ---> System.ArgumentOutOfRangeException: Invalid port: 0
Parametre adı: value
Gerçek değer 0 idi.
   konum: Npgsql.NpgsqlConnectionStringBuilder.set_Port(Int32 value)
   konum: PointBlank.Core.Sql.SqlConnection..ctor()
   konum: PointBlank.Core.Sql.SqlConnection..cctor()
   --- İç özel durum yığını izlemesinin sonu ---
   konum: PointBlank.Core.Sql.SqlConnection.getInstance()
   konum: PointBlank.Core.Managers.Events.EventVisitSyncer.GenerateList()
15:25:14 [Error] System.TypeInitializationException: 'PointBlank.Core.Sql.SqlConnection' tür başlatıcısı özel durum döndürdü. ---> System.ArgumentOutOfRangeException: Invalid port: 0
Parametre adı: value
Gerçek değer 0 idi.
   konum: Npgsql.NpgsqlConnectionStringBuilder.set_Port(Int32 value)
   konum: PointBlank.Core.Sql.SqlConnection..ctor()
   konum: PointBlank.Core.Sql.SqlConnection..cctor()
   --- İç özel durum yığını izlemesinin sonu ---
   konum: PointBlank.Core.Sql.SqlConnection.getInstance()
   konum: PointBlank.Core.Managers.Events.EventLoginSyncer.GenerateList()
15:25:14 [Error] System.TypeInitializationException: 'PointBlank.Core.Sql.SqlConnection' tür başlatıcısı özel durum döndürdü. ---> System.ArgumentOutOfRangeException: Invalid port: 0
Parametre adı: value
Gerçek değer 0 idi.
   konum: Npgsql.NpgsqlConnectionStringBuilder.set_Port(Int32 value)
   konum: PointBlank.Core.Sql.SqlConnection..ctor()
   konum: PointBlank.Core.Sql.SqlConnection..cctor()
   --- İç özel durum yığını izlemesinin sonu ---
   konum: PointBlank.Core.Sql.SqlConnection.getInstance()
   konum: PointBlank.Core.Managers.Events.EventMapSyncer.GenerateList()
15:25:14 [Error] System.TypeInitializationException: 'PointBlank.Core.Sql.SqlConnection' tür başlatıcısı özel durum döndürdü. ---> System.ArgumentOutOfRangeException: Invalid port: 0
Parametre adı: value
Gerçek değer 0 idi.
   konum: Npgsql.NpgsqlConnectionStringBuilder.set_Port(Int32 value)
   konum: PointBlank.Core.Sql.SqlConnection..ctor()
   konum: PointBlank.Core.Sql.SqlConnection..cctor()
   --- İç özel durum yığını izlemesinin sonu ---
   konum: PointBlank.Core.Sql.SqlConnection.getInstance()
   konum: PointBlank.Core.Managers.Events.EventPlayTimeSyncer.GenerateList()
15:25:14 [Error] System.TypeInitializationException: 'PointBlank.Core.Sql.SqlConnection' tür başlatıcısı özel durum döndürdü. ---> System.ArgumentOutOfRangeException: Invalid port: 0
Parametre adı: value
Gerçek değer 0 idi.
   konum: Npgsql.NpgsqlConnectionStringBuilder.set_Port(Int32 value)
   konum: PointBlank.Core.Sql.SqlConnection..ctor()
   konum: PointBlank.Core.Sql.SqlConnection..cctor()
   --- İç özel durum yığını izlemesinin sonu ---
   konum: PointBlank.Core.Sql.SqlConnection.getInstance()
   konum: PointBlank.Core.Managers.Events.EventQuestSyncer.GenerateList()
15:25:14 [Error] System.TypeInitializationException: 'PointBlank.Core.Sql.SqlConnection' tür başlatıcısı özel durum döndürdü. ---> System.ArgumentOutOfRangeException: Invalid port: 0
Parametre adı: value
Gerçek değer 0 idi.
   konum: Npgsql.NpgsqlConnectionStringBuilder.set_Port(Int32 value)
   konum: PointBlank.Core.Sql.SqlConnection..ctor()
   konum: PointBlank.Core.Sql.SqlConnection..cctor()
   --- İç özel durum yığını izlemesinin sonu ---
   konum: PointBlank.Core.Sql.SqlConnection.getInstance()
   konum: PointBlank.Core.Managers.Events.EventRankUpSyncer.GenerateList()
15:25:14 [Error] System.TypeInitializationException: 'PointBlank.Core.Sql.SqlConnection' tür başlatıcısı özel durum döndürdü. ---> System.ArgumentOutOfRangeException: Invalid port: 0
Parametre adı: value
Gerçek değer 0 idi.
   konum: Npgsql.NpgsqlConnectionStringBuilder.set_Port(Int32 value)
   konum: PointBlank.Core.Sql.SqlConnection..ctor()
   konum: PointBlank.Core.Sql.SqlConnection..cctor()
   --- İç özel durum yığını izlemesinin sonu ---
   konum: PointBlank.Core.Sql.SqlConnection.getInstance()
   konum: PointBlank.Core.Managers.Events.EventXmasSyncer.GenerateList()
15:25:14 [Error] System.TypeInitializationException: 'PointBlank.Core.Sql.SqlConnection' tür başlatıcısı özel durum döndürdü. ---> System.ArgumentOutOfRangeException: Invalid port: 0
Parametre adı: value
Gerçek değer 0 idi.
   konum: Npgsql.NpgsqlConnectionStringBuilder.set_Port(Int32 value)
   konum: PointBlank.Core.Sql.SqlConnection..ctor()
   konum: PointBlank.Core.Sql.SqlConnection..cctor()
   --- İç özel durum yığını izlemesinin sonu ---
   konum: PointBlank.Core.Sql.SqlConnection.getInstance()
   konum: PointBlank.Core.Xml.BasicInventoryXml.Load()
15:25:14 [Error] System.TypeInitializationException: 'PointBlank.Core.Sql.SqlConnection' tür başlatıcısı özel durum döndürdü. ---> System.ArgumentOutOfRangeException: Invalid port: 0
Parametre adı: value
Gerçek değer 0 idi.
   konum: Npgsql.NpgsqlConnectionStringBuilder.set_Port(Int32 value)
   konum: PointBlank.Core.Sql.SqlConnection..ctor()
   konum: PointBlank.Core.Sql.SqlConnection..cctor()
   --- İç özel durum yığını izlemesinin sonu ---
   konum: PointBlank.Core.Sql.SqlConnection.getInstance()
   konum: PointBlank.Core.Xml.CafeInventoryXml.Load()
15:25:14 [Error] System.TypeInitializationException: 'PointBlank.Core.Sql.SqlConnection' tür başlatıcısı özel durum döndürdü. ---> System.ArgumentOutOfRangeException: Invalid port: 0
Parametre adı: value
Gerçek değer 0 idi.
   konum: Npgsql.NpgsqlConnectionStringBuilder.set_Port(Int32 value)
   konum: PointBlank.Core.Sql.SqlConnection..ctor()
   konum: PointBlank.Core.Sql.SqlConnection..cctor()
   --- İç özel durum yığını izlemesinin sonu ---
   konum: PointBlank.Core.Sql.SqlConnection.getInstance()
   konum: PointBlank.Core.Xml.ServersXml.Load()
15:25:14 [Error] System.TypeInitializationException: 'PointBlank.Core.Sql.SqlConnection' tür başlatıcısı özel durum döndürdü. ---> System.ArgumentOutOfRangeException: Invalid port: 0
Parametre adı: value
Gerçek değer 0 idi.
   konum: Npgsql.NpgsqlConnectionStringBuilder.set_Port(Int32 value)
   konum: PointBlank.Core.Sql.SqlConnection..ctor()
   konum: PointBlank.Core.Sql.SqlConnection..cctor()
   --- İç özel durum yığını izlemesinin sonu ---
   konum: PointBlank.Core.Sql.SqlConnection.getInstance()
   konum: PointBlank.Auth.Data.Xml.ChannelsXml.Load(Int32 serverId) C:\Users\Xeana\Desktop\SOURCE UP\my\PointBlank.Auth\Data\Xml\ChannelsXml.cs içinde: satır 25
15:25:14 [Error] File not found: Data/Missions/AssaultCard.mqf
15:25:14 [Error] File not found: Data/Missions/Dino_Basic.mqf
15:25:14 [Error] File not found: Data/Missions/Dino_Intensify.mqf
15:25:14 [Error] File not found: Data/Missions/TutorialCard_Brazil.mqf
15:25:14 [Error] File not found: Data/Missions/Dino_Tutorial.mqf
15:25:14 [Error] File not found: Data/Missions/Field_o.mqf
15:25:14 [Error] File not found: Data/Missions/SpecialCard.mqf
15:25:14 [Error] File not found: Data/Missions/InfiltrationCard.mqf
15:25:14 [Error] File not found: Data/Missions/DefconCard.mqf
15:25:14 [Error] File not found: Data/Missions/Company_o.mqf
15:25:14 [Error] File not found: Data/Missions/BackUpCard.mqf
15:25:14 [Error] File not found: Data/Missions/Commissioned_o.mqf
15:25:14 [Error] File not found: Data/Missions/EventCard.mqf
15:25:14 [Error] File not found: Data/Maps/Matchs.xml
15:25:14 [Error] File not found: Data/Maps/Rules.xml
15:25:14 [Error] System.TypeInitializationException: 'PointBlank.Core.Sql.SqlConnection' tür başlatıcısı özel durum döndürdü. ---> System.ArgumentOutOfRangeException: Invalid port: 0
Parametre adı: value
Gerçek değer 0 idi.
   konum: Npgsql.NpgsqlConnectionStringBuilder.set_Port(Int32 value)
   konum: PointBlank.Core.Sql.SqlConnection..ctor()
   konum: PointBlank.Core.Sql.SqlConnection..cctor()
   --- İç özel durum yığını izlemesinin sonu ---
   konum: PointBlank.Core.Sql.SqlConnection.getInstance()
   konum: PointBlank.Core.Managers.ShopManager.Load(Int32 type)
15:25:14 [Error] System.TypeInitializationException: 'PointBlank.Core.Sql.SqlConnection' tür başlatıcısı özel durum döndürdü. ---> System.ArgumentOutOfRangeException: Invalid port: 0
Parametre adı: value
Gerçek değer 0 idi.
   konum: Npgsql.NpgsqlConnectionStringBuilder.set_Port(Int32 value)
   konum: PointBlank.Core.Sql.SqlConnection..ctor()
   konum: PointBlank.Core.Sql.SqlConnection..cctor()
   --- İç özel durum yığını izlemesinin sonu ---
   konum: PointBlank.Core.Sql.SqlConnection.getInstance()
   konum: PointBlank.Core.Managers.ShopManager.Load(Int32 type)
15:25:14 [Error] File not found: Data/Rank/Player.xml
15:25:14 [Error] System.TypeInitializationException: 'PointBlank.Core.Sql.SqlConnection' tür başlatıcısı özel durum döndürdü. ---> System.ArgumentOutOfRangeException: Invalid port: 0
Parametre adı: value
Gerçek değer 0 idi.
   konum: Npgsql.NpgsqlConnectionStringBuilder.set_Port(Int32 value)
   konum: PointBlank.Core.Sql.SqlConnection..ctor()
   konum: PointBlank.Core.Sql.SqlConnection..cctor()
   --- İç özel durum yığını izlemesinin sonu ---
   konum: PointBlank.Core.Sql.SqlConnection.getInstance()
   konum: PointBlank.Core.Xml.RankXml.LoadAwards()
15:25:14 [Error] System.TypeInitializationException: 'PointBlank.Core.Sql.SqlConnection' tür başlatıcısı özel durum döndürdü. ---> System.ArgumentOutOfRangeException: Invalid port: 0
Parametre adı: value
Gerçek değer 0 idi.
   konum: Npgsql.NpgsqlConnectionStringBuilder.set_Port(Int32 value)
   konum: PointBlank.Core.Sql.SqlConnection..ctor()
   konum: PointBlank.Core.Sql.SqlConnection..cctor()
   --- İç özel durum yığını izlemesinin sonu ---
   konum: PointBlank.Core.Sql.SqlConnection.getInstance()
   konum: PointBlank.Core.Managers.CouponEffectManager.LoadCouponFlags()
15:25:14 [Error] File not found: Data//QuickStart.xml
15:25:14 [Error] System.TypeInitializationException: 'PointBlank.Core.Sql.SqlConnection' tür başlatıcısı özel durum döndürdü. ---> System.ArgumentOutOfRangeException: Invalid port: 0
Parametre adı: value
Gerçek değer 0 idi.
   konum: Npgsql.NpgsqlConnectionStringBuilder.set_Port(Int32 value)
   konum: PointBlank.Core.Sql.SqlConnection..ctor()
   konum: PointBlank.Core.Sql.SqlConnection..cctor()
   --- İç özel durum yığını izlemesinin sonu ---
   konum: PointBlank.Core.Sql.SqlConnection.getInstance()
   konum: PointBlank.Core.Managers.ICafeManager.GetList()
15:25:14 [Error] System.TypeInitializationException: 'PointBlank.Core.Sql.SqlConnection' tür başlatıcısı özel durum döndürdü. ---> System.ArgumentOutOfRangeException: Invalid port: 0
Parametre adı: value
Gerçek değer 0 idi.
   konum: Npgsql.NpgsqlConnectionStringBuilder.set_Port(Int32 value)
   konum: PointBlank.Core.Sql.SqlConnection..ctor()
   konum: PointBlank.Core.Sql.SqlConnection..cctor()
   --- İç özel durum yığını izlemesinin sonu ---
   konum: PointBlank.Core.Sql.SqlConnection.getInstance()
   konum: PointBlank.Core.Xml.MissionsXml.Load()
15:25:14 [Info] Metin şifrelemesi : Türkçe (Windows)
15:25:14 [Info] Sunucu modu : Test
15:25:14 [Debug] SUNUCU BAŞLATILDI. (22.07.27 15:25:14)
